<?xml version="1.0" encoding="UTF-8"?>
<!-- Generated by org.testng.reporters.JUnitXMLReporter -->
<testsuite ignored="1" hostname="DESKTOP-T6VNDPN" failures="0" tests="6" name="Default test" time="34.311" errors="0" timestamp="2021-05-15T06:05:28 CEST">
  <testcase classname="rajhiPages.Login" name="LoginFailBlankUsernameAndPw" time="8.981"/>
  <testcase classname="rajhiPages.Login" name="LoginFailBlankUsername" time="1.726"/>
  <testcase classname="rajhiPages.Login" name="LoginFailBlankPW" time="1.478"/>
  <testcase classname="rajhiPages.Login" name="LoginFailWrongUserName" time="11.246"/>
  <testcase classname="rajhiPages.Login" name="LoginFailWrongPW" time="2.457"/>
  <testcase classname="rajhiPages.Login" name="LoginSuccess" time="3.021"/>
  <testcase classname="rajhiPages.Login" name="LoginSuccessFirstTime" time="0.0">
    <ignored/>
  </testcase> <!-- LoginSuccessFirstTime -->
</testsuite> <!-- Default test -->
