<?xml version="1.0" encoding="UTF-8"?>
<testng-results ignored="0" total="1" passed="1" failed="0" skipped="0">
  <reporter-output>
  </reporter-output>
  <suite started-at="2021-05-16T18:43:14 CEST" name="Default suite" finished-at="2021-05-16T18:43:29 CEST" duration-ms="14279">
    <groups>
    </groups>
    <test started-at="2021-05-16T18:43:14 CEST" name="Default test" finished-at="2021-05-16T18:43:29 CEST" duration-ms="14279">
      <class name="rajhiPages.AddSupplier">
        <test-method is-config="true" signature="OpenURL()[pri:0, instance:rajhiPages.AddSupplier@1dde4cb2]" started-at="2021-05-16T18:43:14 CEST" name="OpenURL" finished-at="2021-05-16T18:43:18 CEST" duration-ms="4207" status="PASS">
          <reporter-output>
          </reporter-output>
        </test-method> <!-- OpenURL -->
        <test-method signature="AddnewSupplierSuccess()[pri:1, instance:rajhiPages.AddSupplier@1dde4cb2]" started-at="2021-05-16T18:43:19 CEST" name="AddnewSupplierSuccess" finished-at="2021-05-16T18:43:27 CEST" duration-ms="8213" status="PASS">
          <reporter-output>
          </reporter-output>
        </test-method> <!-- AddnewSupplierSuccess -->
        <test-method is-config="true" signature="Closedriver()[pri:0, instance:rajhiPages.AddSupplier@1dde4cb2]" started-at="2021-05-16T18:43:27 CEST" name="Closedriver" finished-at="2021-05-16T18:43:29 CEST" duration-ms="1782" status="PASS">
          <reporter-output>
          </reporter-output>
        </test-method> <!-- Closedriver -->
      </class> <!-- rajhiPages.AddSupplier -->
    </test> <!-- Default test -->
  </suite> <!-- Default suite -->
</testng-results>
